<?xml version="1.0" encoding="UTF-8"?>
<!-- Generated by org.testng.reporters.JUnitReportReporter -->
<testsuite hostname="LAPTOP-DGNTF2AR" name="tests.FindingCheapDarkBlinds" tests="1" failures="0" timestamp="14 Jun 2018 06:31:02 GMT" time="45.753" errors="0">
  <testcase name="findingCheapDarkBlinds" time="45.753" classname="tests.FindingCheapDarkBlinds"/>
</testsuite> <!-- tests.FindingCheapDarkBlinds -->
